{"/Users/julia/Julia_Git/check-hp-in-game/src/checkhp.js": {"path":"/Users/julia/Julia_Git/check-hp-in-game/src/checkhp.js","statementMap":{"0":{"start":{"line":2,"column":2},"end":{"line":4,"column":3}},"1":{"start":{"line":3,"column":4},"end":{"line":3,"column":22}},"2":{"start":{"line":5,"column":2},"end":{"line":7,"column":3}},"3":{"start":{"line":6,"column":4},"end":{"line":6,"column":21}},"4":{"start":{"line":8,"column":2},"end":{"line":8,"column":19}}},"fnMap":{"0":{"name":"checkHP","decl":{"start":{"line":1,"column":24},"end":{"line":1,"column":31}},"loc":{"start":{"line":1,"column":43},"end":{"line":9,"column":1}},"line":1}},"branchMap":{"0":{"loc":{"start":{"line":2,"column":2},"end":{"line":4,"column":3}},"type":"if","locations":[{"start":{"line":2,"column":2},"end":{"line":4,"column":3}},{"start":{},"end":{}}],"line":2},"1":{"loc":{"start":{"line":5,"column":2},"end":{"line":7,"column":3}},"type":"if","locations":[{"start":{"line":5,"column":2},"end":{"line":7,"column":3}},{"start":{},"end":{}}],"line":5}},"s":{"0":6,"1":2,"2":4,"3":2,"4":2},"f":{"0":6},"b":{"0":[2,4],"1":[2,2]},"_coverageSchema":"1a1c01bbd47fc00a2c39e90264f33305004495a9","hash":"81184ed99b75bb0890005d9c2340edcdd0729313"}
}
